START 
SCRIPT_DIR=C:\erp_refactor_v2\refactor_v2_plain\ 
TARGET_DIR=C:\erp_ai_assistant 
        1개 파일이 복사되었습니다.
        1개 파일이 복사되었습니다.
        1개 파일이 복사되었습니다.
        1개 파일이 복사되었습니다.
        1개 파일이 복사되었습니다.
        1개 파일이 복사되었습니다.
        1개 파일이 복사되었습니다.
        1개 파일이 복사되었습니다.
        1개 파일이 복사되었습니다.
        1개 파일이 복사되었습니다.
        1개 파일이 복사되었습니다.
        1개 파일이 복사되었습니다.
        1개 파일이 복사되었습니다.
        1개 파일이 복사되었습니다.
        1개 파일이 복사되었습니다.
        1개 파일이 복사되었습니다.
C:\Users\신영호\AppData\Local\Microsoft\WindowsApps\python.exe
C:\Users\신영호\AppData\Local\Python\bin\python.exe
SUCCESS 
